Connecting to the PostgreSQL server to get list of databases...
Checking whether the sample DB aleady exists
Sample DB already exists, exiting...
Autosynch DB Error: FATAL:  database "65c0f76f91691b1fdf4595577483987a_Athlete_Data_DB" does not exist


---- Previous run finished at:2021-01-21 19:25:15.593941, and took 0.1864757537841797 seconds to complete. Next run will start in 43199.813524246216 seconds.----

Connecting to the PostgreSQL server to get list of databases...
Checking whether the sample DB aleady exists
Sample DB already exists, exiting...
Autosynch DB Error: FATAL:  database "65c0f76f91691b1fdf4595577483987a_Athlete_Data_DB" does not exist


---- Previous run finished at:2021-01-21 19:38:13.376143, and took 0.2627732753753662 seconds to complete. Next run will start in 43199.737226724625 seconds.----

Connecting to the PostgreSQL server to get list of databases...
Checking whether the sample DB aleady exists
Sample DB already exists, exiting...
Autosynch DB Error: FATAL:  database "65c0f76f91691b1fdf4595577483987a_Athlete_Data_DB" does not exist


---- Previous run finished at:2021-01-21 19:47:39.776264, and took 0.2574341297149658 seconds to complete. Next run will start in 43199.742565870285 seconds.----

Connecting to the PostgreSQL server to get list of databases...
Checking whether the sample DB aleady exists
Sample DB already exists, exiting...
Autosynch DB Error: FATAL:  database "65c0f76f91691b1fdf4595577483987a_Athlete_Data_DB" does not exist


---- Previous run finished at:2021-01-21 20:01:30.174934, and took 0.24135613441467285 seconds to complete. Next run will start in 43199.758643865585 seconds.----

Connecting to the PostgreSQL server to get list of databases...
Checking whether the sample DB aleady exists
Sample DB already exists, exiting...
Autosynch DB Error: 'NoneType' object is not subscriptable

---- Previous run finished at:2021-01-21 20:05:55.390602, and took 0.2662851810455322 seconds to complete. Next run will start in 43199.733714818954 seconds.----

Connecting to the PostgreSQL server to get list of databases...
Checking whether the sample DB aleady exists
Sample DB already exists, exiting...

---- Previous run finished at:2021-01-21 20:36:01.219943, and took 246.65496730804443 seconds to complete. Next run will start in 42953.345032691956 seconds.----

Connecting to the PostgreSQL server to get list of databases...

---- Previous run finished at:2021-01-22 08:33:20.761414, and took 86.1340479850769 seconds to complete. Next run will start in 43113.86595201492 seconds.----

Connecting to the PostgreSQL server to get list of databases...
Checking whether the sample DB aleady exists
Sample DB already exists, exiting...

---- Previous run finished at:2021-01-22 15:18:34.366913, and took 132.81443619728088 seconds to complete. Next run will start in 43067.18556380272 seconds.----

Connecting to the PostgreSQL server to get list of databases...
Checking whether the sample DB aleady exists
Sample DB already exists, exiting...
Autosynch DB Error: FATAL:  database "65c0f76f91691b1fdf4595577483987a_Athlete_Data_DB" does not exist


---- Previous run finished at:2021-01-22 15:41:09.960192, and took 0.19235873222351074 seconds to complete. Next run will start in 43199.80764126778 seconds.----

Connecting to the PostgreSQL server to get list of databases...
Checking whether the sample DB aleady exists
Sample DB already exists, exiting...

---- Previous run finished at:2021-01-26 18:06:56.663807, and took 204.53059434890747 seconds to complete. Next run will start in 42995.46940565109 seconds.----

Connecting to the PostgreSQL server to get list of databases...
Checking whether the sample DB aleady exists
Sample DB already exists, exiting...
Checking whether the sample DB aleady exists
Sample DB already exists, exiting...

---- Previous run finished at:2021-01-28 15:51:28.534656, and took 284.9815697669983 seconds to complete. Next run will start in 42915.018430233 seconds.----

Connecting to the PostgreSQL server to get list of databases...
Checking whether the sample DB aleady exists
Sample DB already exists, exiting...
Checking whether the sample DB aleady exists
Sample DB already exists, exiting...

---- Previous run finished at:2021-01-28 16:22:50.990688, and took 85.04918909072876 seconds to complete. Next run will start in 43114.95081090927 seconds.----

Connecting to the PostgreSQL server to get list of databases...
Checking whether the sample DB aleady exists
Sample DB already exists, exiting...
Checking whether the sample DB aleady exists
Sample DB already exists, exiting...

---- Previous run finished at:2021-01-28 16:33:06.877508, and took 59.41027116775513 seconds to complete. Next run will start in 43140.589728832245 seconds.----

Connecting to the PostgreSQL server to get list of databases...
Checking whether the sample DB aleady exists
Sample DB already exists, exiting...

---- Previous run finished at:2021-01-28 17:23:14.416441, and took 46.25288462638855 seconds to complete. Next run will start in 43153.74711537361 seconds.----

Connecting to the PostgreSQL server to get list of databases...
Checking whether the sample DB aleady exists
Sample DB already exists, exiting...

---- Previous run finished at:2021-01-28 17:25:51.093711, and took 50.58381009101868 seconds to complete. Next run will start in 43149.41618990898 seconds.----

Checking whether the sample DB aleady exists
Sample DB already exists, exiting...
Checking whether the sample DB aleady exists
Sample DB already exists, exiting...
Checking whether the sample DB aleady exists
Sample DB already exists, exiting...
Checking whether the sample DB aleady exists
Sample DB already exists, exiting...
Connecting to the PostgreSQL server to get list of databases...
relation "db_info" does not exist
LINE 5:        db_info 
               ^

Checking whether the sample DB aleady exists
Creating sample DB...
Restoring sample DB schema...
Checking whether the sample DB aleady exists
Sample DB already exists, exiting...
Connecting to the PostgreSQL server to get list of databases...
Checking whether the sample DB aleady exists
Sample DB already exists, exiting...

---- Previous run finished at:2021-01-28 19:07:37.558767, and took 6.9291465282440186 seconds to complete. Next run will start in 43193.070853471756 seconds.----

Connecting to the PostgreSQL server to get list of databases...
Checking whether the sample DB aleady exists
Sample DB already exists, exiting...

---- Previous run finished at:2021-01-28 19:12:46.005081, and took 6.779401779174805 seconds to complete. Next run will start in 43193.220598220825 seconds.----

Connecting to the PostgreSQL server to get list of databases...
Checking whether the sample DB aleady exists
Sample DB already exists, exiting...

---- Previous run finished at:2021-01-28 19:20:31.427248, and took 242.93137216567993 seconds to complete. Next run will start in 42957.06862783432 seconds.----

Connecting to the PostgreSQL server to get list of databases...

---- Previous run finished at:2021-01-29 07:18:27.782819, and took 119.27946138381958 seconds to complete. Next run will start in 43080.72053861618 seconds.----

Connecting to the PostgreSQL server to get list of databases...
Checking whether the sample DB aleady exists
Sample DB already exists, exiting...

---- Previous run finished at:2021-01-29 14:35:06.097282, and took 237.10678696632385 seconds to complete. Next run will start in 42962.893213033676 seconds.----

Connecting to the PostgreSQL server to get list of databases...
Checking whether the sample DB aleady exists
Sample DB already exists, exiting...

---- Previous run finished at:2021-01-29 14:53:25.357044, and took 143.84204697608948 seconds to complete. Next run will start in 43056.15795302391 seconds.----

Connecting to the PostgreSQL server to get list of databases...
Checking whether the sample DB aleady exists
Sample DB already exists, exiting...

---- Previous run finished at:2021-01-29 15:15:15.889887, and took 87.26799511909485 seconds to complete. Next run will start in 43112.732004880905 seconds.----

Connecting to the PostgreSQL server to get list of databases...
Checking whether the sample DB aleady exists
Sample DB already exists, exiting...

---- Previous run finished at:2021-01-29 15:27:38.103903, and took 84.90318632125854 seconds to complete. Next run will start in 43115.09681367874 seconds.----

Connecting to the PostgreSQL server to get list of databases...
Checking whether the sample DB aleady exists
Sample DB already exists, exiting...

---- Previous run finished at:2021-01-29 16:11:10.981862, and took 89.07169771194458 seconds to complete. Next run will start in 43110.928302288055 seconds.----

Connecting to the PostgreSQL server to get list of databases...

---- Previous run finished at:2021-01-30 04:11:26.265798, and took 104.27148056030273 seconds to complete. Next run will start in 43095.7285194397 seconds.----

Connecting to the PostgreSQL server to get list of databases...

---- Previous run finished at:2021-01-30 16:12:46.368394, and took 184.31961822509766 seconds to complete. Next run will start in 43015.6803817749 seconds.----

